Determining if the pthread_create exist failed with the following output:
Change Dir: /home/odroid/ros/catkin_ws/src/imu_tools/imu_filter_madgwick/build/CMakeFiles/CMakeTmp

Run Build Command:/usr/bin/make "cmTryCompileExec1078817423/fast"
make[1]: Entering directory `/home/odroid/ros/catkin_ws/src/imu_tools/imu_filter_madgwick/build/CMakeFiles/CMakeTmp'
/usr/bin/make -f CMakeFiles/cmTryCompileExec1078817423.dir/build.make CMakeFiles/cmTryCompileExec1078817423.dir/build
make[2]: Entering directory `/home/odroid/ros/catkin_ws/src/imu_tools/imu_filter_madgwick/build/CMakeFiles/CMakeTmp'
/usr/bin/cmake -E cmake_progress_report /home/odroid/ros/catkin_ws/src/imu_tools/imu_filter_madgwick/build/CMakeFiles/CMakeTmp/CMakeFiles 1
Building C object CMakeFiles/cmTryCompileExec1078817423.dir/CheckSymbolExists.c.o
/usr/bin/cc    -o CMakeFiles/cmTryCompileExec1078817423.dir/CheckSymbolExists.c.o   -c /home/odroid/ros/catkin_ws/src/imu_tools/imu_filter_madgwick/build/CMakeFiles/CMakeTmp/CheckSymbolExists.c
Linking C executable cmTryCompileExec1078817423
/usr/bin/cmake -E cmake_link_script CMakeFiles/cmTryCompileExec1078817423.dir/link.txt --verbose=1
/usr/bin/cc         CMakeFiles/cmTryCompileExec1078817423.dir/CheckSymbolExists.c.o  -o cmTryCompileExec1078817423 -rdynamic 
CMakeFiles/cmTryCompileExec1078817423.dir/CheckSymbolExists.c.o: In function `main':
CheckSymbolExists.c:(.text+0xe): undefined reference to `pthread_create'
CheckSymbolExists.c:(.text+0x12): undefined reference to `pthread_create'
collect2: error: ld returned 1 exit status
make[2]: *** [cmTryCompileExec1078817423] Error 1
make[2]: Leaving directory `/home/odroid/ros/catkin_ws/src/imu_tools/imu_filter_madgwick/build/CMakeFiles/CMakeTmp'
make[1]: *** [cmTryCompileExec1078817423/fast] Error 2
make[1]: Leaving directory `/home/odroid/ros/catkin_ws/src/imu_tools/imu_filter_madgwick/build/CMakeFiles/CMakeTmp'

File /home/odroid/ros/catkin_ws/src/imu_tools/imu_filter_madgwick/build/CMakeFiles/CMakeTmp/CheckSymbolExists.c:
/* */
#include <pthread.h>

int main(int argc, char** argv)
{
  (void)argv;
#ifndef pthread_create
  return ((int*)(&pthread_create))[argc];
#else
  (void)argc;
  return 0;
#endif
}

Determining if the function pthread_create exists in the pthreads failed with the following output:
Change Dir: /home/odroid/ros/catkin_ws/src/imu_tools/imu_filter_madgwick/build/CMakeFiles/CMakeTmp

Run Build Command:/usr/bin/make "cmTryCompileExec10329917/fast"
make[1]: Entering directory `/home/odroid/ros/catkin_ws/src/imu_tools/imu_filter_madgwick/build/CMakeFiles/CMakeTmp'
/usr/bin/make -f CMakeFiles/cmTryCompileExec10329917.dir/build.make CMakeFiles/cmTryCompileExec10329917.dir/build
make[2]: Entering directory `/home/odroid/ros/catkin_ws/src/imu_tools/imu_filter_madgwick/build/CMakeFiles/CMakeTmp'
/usr/bin/cmake -E cmake_progress_report /home/odroid/ros/catkin_ws/src/imu_tools/imu_filter_madgwick/build/CMakeFiles/CMakeTmp/CMakeFiles 1
Building C object CMakeFiles/cmTryCompileExec10329917.dir/CheckFunctionExists.c.o
/usr/bin/cc   -DCHECK_FUNCTION_EXISTS=pthread_create   -o CMakeFiles/cmTryCompileExec10329917.dir/CheckFunctionExists.c.o   -c /usr/share/cmake-2.8/Modules/CheckFunctionExists.c
Linking C executable cmTryCompileExec10329917
/usr/bin/cmake -E cmake_link_script CMakeFiles/cmTryCompileExec10329917.dir/link.txt --verbose=1
/usr/bin/cc     -DCHECK_FUNCTION_EXISTS=pthread_create    CMakeFiles/cmTryCompileExec10329917.dir/CheckFunctionExists.c.o  -o cmTryCompileExec10329917 -rdynamic -lpthreads 
/usr/bin/ld: cannot find -lpthreads
collect2: error: ld returned 1 exit status
make[2]: *** [cmTryCompileExec10329917] Error 1
make[2]: Leaving directory `/home/odroid/ros/catkin_ws/src/imu_tools/imu_filter_madgwick/build/CMakeFiles/CMakeTmp'
make[1]: *** [cmTryCompileExec10329917/fast] Error 2
make[1]: Leaving directory `/home/odroid/ros/catkin_ws/src/imu_tools/imu_filter_madgwick/build/CMakeFiles/CMakeTmp'


